{
  "RSpec": {
    "coverage": {
      "/home/saasbook/dk-tracker/app/controllers/application_controller.rb": [
        1,
        1,
        null
      ],
      "/home/saasbook/dk-tracker/app/helpers/application_helper.rb": [
        1,
        null
      ],
      "/home/saasbook/dk-tracker/app/controllers/movies_controller.rb": [
        1,
        null,
        1,
        0,
        0,
        null,
        null,
        null,
        1,
        0,
        0,
        0,
        0,
        0,
        null,
        null,
        0,
        null,
        null,
        null,
        1,
        null,
        0,
        0,
        0,
        0,
        0,
        null,
        0,
        0,
        0,
        0,
        null,
        null,
        null,
        0,
        null,
        0,
        0,
        0,
        0,
        null,
        null,
        0,
        0,
        0,
        null,
        null,
        0,
        0,
        0,
        0,
        null,
        null,
        0,
        0,
        0,
        null,
        null,
        null,
        1,
        null,
        null,
        null,
        1,
        0,
        0,
        0,
        null,
        null,
        1,
        0,
        null,
        null,
        1,
        0,
        0,
        0,
        0,
        null,
        null,
        1,
        0,
        0,
        0,
        0,
        null,
        null,
        null
      ],
      "/home/saasbook/dk-tracker/app/models/movie.rb": [
        1,
        1,
        1,
        1,
        0,
        null,
        null,
        1,
        0,
        null,
        null
      ],
      "/home/saasbook/dk-tracker/app/models/admin.rb": [
        1,
        null,
        null
      ],
      "/home/saasbook/dk-tracker/app/models/user.rb": [
        1,
        null,
        null,
        null,
        null
      ],
      "/home/saasbook/dk-tracker/app/models/checkbox_field.rb": [
        1,
        null,
        null
      ],
      "/home/saasbook/dk-tracker/app/models/survey_field.rb": [
        1,
        null,
        null
      ],
      "/home/saasbook/dk-tracker/app/models/drop_down_field.rb": [
        1,
        null,
        null
      ],
      "/home/saasbook/dk-tracker/app/models/email_field.rb": [
        1,
        null,
        null,
        null,
        null,
        null
      ],
      "/home/saasbook/dk-tracker/app/models/name_field.rb": [
        1,
        null,
        null
      ],
      "/home/saasbook/dk-tracker/app/models/phone_field.rb": [
        1,
        null,
        null
      ],
      "/home/saasbook/dk-tracker/app/models/radio_button_field.rb": [
        1,
        null,
        null
      ],
      "/home/saasbook/dk-tracker/app/models/submission.rb": [
        1,
        null,
        null,
        null
      ],
      "/home/saasbook/dk-tracker/app/models/survey_template.rb": [
        1,
        null,
        null
      ],
      "/home/saasbook/dk-tracker/app/models/text_question_field.rb": [
        1,
        null,
        null
      ],
      "/home/saasbook/dk-tracker/app/models/volunteer.rb": [
        1,
        null,
        null
      ]
    },
    "timestamp": 1425695440
  }
}
