{
  "RSpec": {
    "coverage": {
      "/home/saasbook/dk-tracker/app/controllers/application_controller.rb": [
        1,
        1,
        null
      ],
      "/home/saasbook/dk-tracker/app/helpers/application_helper.rb": [
        1,
        null
      ],
      "/home/saasbook/dk-tracker/app/controllers/movies_controller.rb": [
        1,
        null,
        1,
        0,
        0,
        null,
        null,
        null,
        1,
        0,
        0,
        0,
        0,
        0,
        null,
        null,
        0,
        null,
        null,
        null,
        1,
        null,
        0,
        0,
        0,
        0,
        0,
        null,
        0,
        0,
        0,
        0,
        null,
        null,
        null,
        0,
        null,
        0,
        0,
        0,
        0,
        null,
        null,
        0,
        0,
        0,
        null,
        null,
        0,
        0,
        0,
        0,
        null,
        null,
        0,
        0,
        0,
        null,
        null,
        null,
        1,
        null,
        null,
        null,
        1,
        0,
        0,
        0,
        null,
        null,
        1,
        0,
        null,
        null,
        1,
        0,
        0,
        0,
        0,
        null,
        null,
        1,
        0,
        0,
        0,
        0,
        null,
        null,
        null
      ],
      "/home/saasbook/dk-tracker/app/models/movie.rb": [
        1,
        1,
        1,
        1,
        0,
        null,
        null,
        1,
        0,
        null,
        null
      ],
      "/home/saasbook/dk-tracker/app/models/survey_field.rb": [
        1,
        null,
        null
      ],
      "/home/saasbook/dk-tracker/app/models/survey_template.rb": [
        1,
        null,
        null
      ]
    },
    "timestamp": 1425690170
  }
}
